[0304/140603.609:ERROR:process_reader_win.cc(123)] NtOpenThread: {Отказано в доступе} Процесс запросил доступ к объекту, но права на доступ не предоставлены. (0xc0000022)
[0304/140604.038:ERROR:exception_snapshot_win.cc(98)] thread ID 10672 not found in process
[0304/140603.873:ERROR:process_reader_win.cc(123)] NtOpenThread: {Отказано в доступе} Процесс запросил доступ к объекту, но права на доступ не предоставлены. (0xc0000022)
[0304/140604.039:ERROR:exception_snapshot_win.cc(98)] thread ID 9172 not found in process
[0304/140603.911:ERROR:process_reader_win.cc(123)] NtOpenThread: {Отказано в доступе} Процесс запросил доступ к объекту, но права на доступ не предоставлены. (0xc0000022)
[0304/140604.041:ERROR:exception_snapshot_win.cc(98)] thread ID 5660 not found in process
[0304/140603.923:ERROR:process_reader_win.cc(123)] NtOpenThread: {Отказано в доступе} Процесс запросил доступ к объекту, но права на доступ не предоставлены. (0xc0000022)
[0304/140603.639:ERROR:process_reader_win.cc(123)] NtOpenThread: {Отказано в доступе} Процесс запросил доступ к объекту, но права на доступ не предоставлены. (0xc0000022)
[0304/140604.041:ERROR:exception_snapshot_win.cc(98)] thread ID 7396 not found in process
[0304/140604.043:ERROR:exception_snapshot_win.cc(98)] thread ID 15884 not found in process
[0304/140603.857:ERROR:process_reader_win.cc(123)] NtOpenThread: {Отказано в доступе} Процесс запросил доступ к объекту, но права на доступ не предоставлены. (0xc0000022)
[0304/140604.046:ERROR:exception_snapshot_win.cc(98)] thread ID 10820 not found in process
[0304/140604.046:ERROR:scoped_process_suspend.cc(31)] NtSuspendProcess: Попытка доступа к процессу, выполняющему процедуру завершения. (0xc000010a)
[0304/140604.049:ERROR:process_info.cc(118)] ReadProcessMemory bool __cdecl crashpad::(anonymous namespace)::ReadStruct(HANDLE, crashpad::WinVMAddress, T *) [T = crashpad::process_types::PEB<crashpad::process_types::internal::Traits64>]: Запрос ReadProcessMemory или WriteProcessMemory был выполнен только частично. (0x12B)
[0304/140604.049:ERROR:process_info.cc(551)] ReadProcessData failed
[0304/140603.734:ERROR:process_reader_win.cc(123)] NtOpenThread: {Отказано в доступе} Процесс запросил доступ к объекту, но права на доступ не предоставлены. (0xc0000022)
[0304/140604.050:ERROR:exception_snapshot_win.cc(98)] thread ID 15604 not found in process
[0304/140604.056:ERROR:process_reader_win.cc(151)] SuspendThread: Отказано в доступе. (0x5)
[0304/140604.057:ERROR:process_reader_win.cc(151)] SuspendThread: Отказано в доступе. (0x5)
[0304/140604.057:ERROR:process_reader_win.cc(151)] SuspendThread: Отказано в доступе. (0x5)
[0304/140604.057:ERROR:process_reader_win.cc(151)] SuspendThread: Отказано в доступе. (0x5)
[0304/140604.057:ERROR:process_reader_win.cc(151)] SuspendThread: Отказано в доступе. (0x5)
[0304/140604.057:ERROR:process_reader_win.cc(151)] SuspendThread: Отказано в доступе. (0x5)
[0304/140604.057:ERROR:process_reader_win.cc(151)] SuspendThread: Отказано в доступе. (0x5)
[0304/140604.057:ERROR:process_reader_win.cc(123)] NtOpenThread: {Отказано в доступе} Процесс запросил доступ к объекту, но права на доступ не предоставлены. (0xc0000022)
[0304/140604.057:ERROR:exception_snapshot_win.cc(98)] thread ID 9580 not found in process
[0304/140604.125:ERROR:process_reader_win.cc(123)] NtOpenThread: {Отказано в доступе} Процесс запросил доступ к объекту, но права на доступ не предоставлены. (0xc0000022)
[0304/140604.126:ERROR:exception_snapshot_win.cc(98)] thread ID 10448 not found in process
[0304/140604.130:ERROR:process_reader_win.cc(151)] SuspendThread: Отказано в доступе. (0x5)
[0304/140604.132:ERROR:process_reader_win.cc(151)] SuspendThread: Отказано в доступе. (0x5)
[0304/140604.132:ERROR:process_reader_win.cc(151)] SuspendThread: Отказано в доступе. (0x5)
[0304/140604.132:ERROR:process_reader_win.cc(151)] SuspendThread: Отказано в доступе. (0x5)
[0304/140604.132:ERROR:process_reader_win.cc(151)] SuspendThread: Отказано в доступе. (0x5)
[0304/140604.132:ERROR:process_reader_win.cc(151)] SuspendThread: Отказано в доступе. (0x5)
[0304/140604.132:ERROR:process_reader_win.cc(151)] SuspendThread: Отказано в доступе. (0x5)
[0304/140604.132:ERROR:exception_snapshot_win.cc(98)] thread ID 3396 not found in process
[0304/140604.154:ERROR:process_reader_win.cc(123)] NtOpenThread: {Отказано в доступе} Процесс запросил доступ к объекту, но права на доступ не предоставлены. (0xc0000022)
[0304/140604.154:ERROR:exception_snapshot_win.cc(98)] thread ID 15272 not found in process
[0304/140604.162:ERROR:process_reader_win.cc(123)] NtOpenThread: {Отказано в доступе} Процесс запросил доступ к объекту, но права на доступ не предоставлены. (0xc0000022)
[0304/140604.162:ERROR:exception_snapshot_win.cc(98)] thread ID 16792 not found in process
[0304/140604.186:ERROR:process_reader_win.cc(123)] NtOpenThread: {Отказано в доступе} Процесс запросил доступ к объекту, но права на доступ не предоставлены. (0xc0000022)
[0304/140604.186:ERROR:exception_snapshot_win.cc(98)] thread ID 14916 not found in process
[0304/140604.201:ERROR:process_reader_win.cc(123)] NtOpenThread: {Отказано в доступе} Процесс запросил доступ к объекту, но права на доступ не предоставлены. (0xc0000022)
[0304/140604.204:ERROR:exception_snapshot_win.cc(98)] thread ID 17260 not found in process
[0304/140604.275:ERROR:process_reader_win.cc(151)] SuspendThread: Отказано в доступе. (0x5)
[0304/140604.276:ERROR:process_reader_win.cc(151)] SuspendThread: Отказано в доступе. (0x5)
[0304/140604.276:ERROR:process_reader_win.cc(151)] SuspendThread: Отказано в доступе. (0x5)
[0304/140604.276:ERROR:process_reader_win.cc(151)] SuspendThread: Отказано в доступе. (0x5)
[0304/140604.276:ERROR:process_reader_win.cc(151)] SuspendThread: Отказано в доступе. (0x5)
[0304/140604.276:ERROR:process_reader_win.cc(151)] SuspendThread: Отказано в доступе. (0x5)
[0304/140604.276:ERROR:process_reader_win.cc(151)] SuspendThread: Отказано в доступе. (0x5)
[0304/140604.276:ERROR:process_reader_win.cc(151)] SuspendThread: Отказано в доступе. (0x5)
[0304/140604.277:ERROR:exception_snapshot_win.cc(98)] thread ID 16012 not found in process
[0304/140604.317:ERROR:process_reader_win.cc(151)] SuspendThread: Отказано в доступе. (0x5)
[0304/140604.318:ERROR:process_reader_win.cc(151)] SuspendThread: Отказано в доступе. (0x5)
[0304/140604.318:ERROR:process_reader_win.cc(151)] SuspendThread: Отказано в доступе. (0x5)
[0304/140604.318:ERROR:process_reader_win.cc(151)] SuspendThread: Отказано в доступе. (0x5)
[0304/140604.318:ERROR:process_reader_win.cc(151)] SuspendThread: Отказано в доступе. (0x5)
[0304/140604.318:ERROR:process_reader_win.cc(151)] SuspendThread: Отказано в доступе. (0x5)
[0304/140604.318:ERROR:process_reader_win.cc(151)] SuspendThread: Отказано в доступе. (0x5)
[0304/140604.318:ERROR:exception_snapshot_win.cc(98)] thread ID 12552 not found in process
[0304/140604.329:ERROR:process_reader_win.cc(123)] NtOpenThread: {Отказано в доступе} Процесс запросил доступ к объекту, но права на доступ не предоставлены. (0xc0000022)
[0304/140604.329:ERROR:exception_snapshot_win.cc(98)] thread ID 14936 not found in process
[0304/140604.348:ERROR:process_reader_win.cc(151)] SuspendThread: Отказано в доступе. (0x5)
[0304/140604.349:ERROR:process_reader_win.cc(151)] SuspendThread: Отказано в доступе. (0x5)
[0304/140604.349:ERROR:process_reader_win.cc(151)] SuspendThread: Отказано в доступе. (0x5)
[0304/140604.349:ERROR:process_reader_win.cc(151)] SuspendThread: Отказано в доступе. (0x5)
[0304/140604.349:ERROR:process_reader_win.cc(151)] SuspendThread: Отказано в доступе. (0x5)
[0304/140604.349:ERROR:process_reader_win.cc(151)] SuspendThread: Отказано в доступе. (0x5)
[0304/140604.349:ERROR:process_reader_win.cc(151)] SuspendThread: Отказано в доступе. (0x5)
[0304/140604.349:ERROR:process_reader_win.cc(123)] NtOpenThread: {Отказано в доступе} Процесс запросил доступ к объекту, но права на доступ не предоставлены. (0xc0000022)
[0304/140604.349:ERROR:exception_snapshot_win.cc(98)] thread ID 7888 not found in process
[0304/140604.392:ERROR:process_reader_win.cc(123)] NtOpenThread: {Отказано в доступе} Процесс запросил доступ к объекту, но права на доступ не предоставлены. (0xc0000022)
[0304/140604.392:ERROR:exception_snapshot_win.cc(98)] thread ID 1032 not found in process
[0304/140604.424:ERROR:process_reader_win.cc(151)] SuspendThread: Отказано в доступе. (0x5)
[0304/140604.424:ERROR:process_reader_win.cc(151)] SuspendThread: Отказано в доступе. (0x5)
[0304/140604.424:ERROR:process_reader_win.cc(123)] NtOpenThread: {Отказано в доступе} Процесс запросил доступ к объекту, но права на доступ не предоставлены. (0xc0000022)
[0304/140604.424:ERROR:exception_snapshot_win.cc(98)] thread ID 12164 not found in process
[0304/140604.429:ERROR:process_reader_win.cc(123)] NtOpenThread: {Отказано в доступе} Процесс запросил доступ к объекту, но права на доступ не предоставлены. (0xc0000022)
[0304/140604.429:ERROR:exception_snapshot_win.cc(98)] thread ID 6240 not found in process
[0304/140604.434:ERROR:process_reader_win.cc(151)] SuspendThread: Отказано в доступе. (0x5)
[0304/140604.434:ERROR:process_reader_win.cc(151)] SuspendThread: Отказано в доступе. (0x5)
[0304/140604.434:ERROR:process_reader_win.cc(151)] SuspendThread: Отказано в доступе. (0x5)
[0304/140604.434:ERROR:process_reader_win.cc(151)] SuspendThread: Отказано в доступе. (0x5)
[0304/140604.434:ERROR:process_reader_win.cc(151)] SuspendThread: Отказано в доступе. (0x5)
[0304/140604.437:ERROR:process_reader_win.cc(151)] SuspendThread: Отказано в доступе. (0x5)
[0304/140604.437:ERROR:process_reader_win.cc(123)] NtOpenThread: {Отказано в доступе} Процесс запросил доступ к объекту, но права на доступ не предоставлены. (0xc0000022)
[0304/140604.438:ERROR:exception_snapshot_win.cc(98)] thread ID 16984 not found in process
[0304/140604.466:ERROR:process_reader_win.cc(123)] NtOpenThread: {Отказано в доступе} Процесс запросил доступ к объекту, но права на доступ не предоставлены. (0xc0000022)
[0304/140604.467:ERROR:exception_snapshot_win.cc(98)] thread ID 11524 not found in process
[0304/140604.492:ERROR:process_reader_win.cc(123)] NtOpenThread: {Отказано в доступе} Процесс запросил доступ к объекту, но права на доступ не предоставлены. (0xc0000022)
[0304/140604.495:ERROR:exception_snapshot_win.cc(98)] thread ID 14452 not found in process
[0304/140604.534:ERROR:process_reader_win.cc(123)] NtOpenThread: {Отказано в доступе} Процесс запросил доступ к объекту, но права на доступ не предоставлены. (0xc0000022)
[0304/140604.534:ERROR:exception_snapshot_win.cc(98)] thread ID 9460 not found in process
[0304/140604.573:ERROR:process_reader_win.cc(151)] SuspendThread: Отказано в доступе. (0x5)
[0304/140604.573:ERROR:process_reader_win.cc(151)] SuspendThread: Отказано в доступе. (0x5)
[0304/140604.573:ERROR:process_reader_win.cc(151)] SuspendThread: Отказано в доступе. (0x5)
[0304/140604.573:ERROR:process_reader_win.cc(151)] SuspendThread: Отказано в доступе. (0x5)
[0304/140604.573:ERROR:process_reader_win.cc(151)] SuspendThread: Отказано в доступе. (0x5)
[0304/140604.573:ERROR:process_reader_win.cc(151)] SuspendThread: Отказано в доступе. (0x5)
[0304/140604.574:ERROR:process_reader_win.cc(151)] SuspendThread: Отказано в доступе. (0x5)
[0304/140604.574:ERROR:process_reader_win.cc(123)] NtOpenThread: {Отказано в доступе} Процесс запросил доступ к объекту, но права на доступ не предоставлены. (0xc0000022)
[0304/140604.574:ERROR:exception_snapshot_win.cc(98)] thread ID 12184 not found in process
[0304/140604.603:ERROR:process_reader_win.cc(151)] SuspendThread: Отказано в доступе. (0x5)
[0304/140604.604:ERROR:process_reader_win.cc(151)] SuspendThread: Отказано в доступе. (0x5)
[0304/140604.604:ERROR:process_reader_win.cc(151)] SuspendThread: Отказано в доступе. (0x5)
[0304/140604.604:ERROR:process_reader_win.cc(151)] SuspendThread: Отказано в доступе. (0x5)
[0304/140604.604:ERROR:process_reader_win.cc(151)] SuspendThread: Отказано в доступе. (0x5)
[0304/140604.604:ERROR:process_reader_win.cc(151)] SuspendThread: Отказано в доступе. (0x5)
[0304/140604.604:ERROR:exception_snapshot_win.cc(98)] thread ID 6092 not found in process
[0304/140604.603:ERROR:process_reader_win.cc(123)] NtOpenThread: {Отказано в доступе} Процесс запросил доступ к объекту, но права на доступ не предоставлены. (0xc0000022)
[0304/140604.604:ERROR:exception_snapshot_win.cc(98)] thread ID 13284 not found in process
[0304/140604.640:ERROR:process_reader_win.cc(151)] SuspendThread: Отказано в доступе. (0x5)
[0304/140604.640:ERROR:process_reader_win.cc(151)] SuspendThread: Отказано в доступе. (0x5)
[0304/140604.640:ERROR:process_reader_win.cc(151)] SuspendThread: Отказано в доступе. (0x5)
[0304/140604.640:ERROR:process_reader_win.cc(151)] SuspendThread: Отказано в доступе. (0x5)
[0304/140604.640:ERROR:process_reader_win.cc(151)] SuspendThread: Отказано в доступе. (0x5)
[0304/140604.640:ERROR:process_reader_win.cc(151)] SuspendThread: Отказано в доступе. (0x5)
[0304/140604.640:ERROR:process_reader_win.cc(151)] SuspendThread: Отказано в доступе. (0x5)
[0304/140604.640:ERROR:process_reader_win.cc(123)] NtOpenThread: {Отказано в доступе} Процесс запросил доступ к объекту, но права на доступ не предоставлены. (0xc0000022)
[0304/140604.640:ERROR:exception_snapshot_win.cc(98)] thread ID 6272 not found in process
[0304/140604.666:ERROR:process_reader_win.cc(151)] SuspendThread: Отказано в доступе. (0x5)
[0304/140604.666:ERROR:process_reader_win.cc(151)] SuspendThread: Отказано в доступе. (0x5)
[0304/140604.666:ERROR:process_reader_win.cc(151)] SuspendThread: Отказано в доступе. (0x5)
[0304/140604.666:ERROR:process_reader_win.cc(151)] SuspendThread: Отказано в доступе. (0x5)
[0304/140604.666:ERROR:process_reader_win.cc(151)] SuspendThread: Отказано в доступе. (0x5)
[0304/140604.668:ERROR:process_reader_win.cc(151)] SuspendThread: Отказано в доступе. (0x5)
[0304/140604.668:ERROR:process_reader_win.cc(151)] SuspendThread: Отказано в доступе. (0x5)
[0304/140604.668:ERROR:process_reader_win.cc(123)] NtOpenThread: {Отказано в доступе} Процесс запросил доступ к объекту, но права на доступ не предоставлены. (0xc0000022)
[0304/140604.668:ERROR:exception_snapshot_win.cc(98)] thread ID 16788 not found in process
[0304/140604.680:ERROR:process_reader_win.cc(123)] NtOpenThread: {Отказано в доступе} Процесс запросил доступ к объекту, но права на доступ не предоставлены. (0xc0000022)
[0304/140604.680:ERROR:exception_snapshot_win.cc(98)] thread ID 15924 not found in process
[0304/140604.718:ERROR:process_reader_win.cc(123)] NtOpenThread: {Отказано в доступе} Процесс запросил доступ к объекту, но права на доступ не предоставлены. (0xc0000022)
[0304/140604.718:ERROR:exception_snapshot_win.cc(98)] thread ID 15240 not found in process
[0304/140604.821:ERROR:process_reader_win.cc(123)] NtOpenThread: {Отказано в доступе} Процесс запросил доступ к объекту, но права на доступ не предоставлены. (0xc0000022)
[0304/140604.821:ERROR:exception_snapshot_win.cc(98)] thread ID 15556 not found in process
